[debug] [2023-09-21T18:15:29.191Z] ----------------------------------------------------------------------
[debug] [2023-09-21T18:15:29.194Z] Command:       C:\Program Files\nodejs\node.exe C:\Users\danie\AppData\Roaming\npm\node_modules\firebase-tools\lib\bin\firebase.js init
[debug] [2023-09-21T18:15:29.194Z] CLI Version:   12.5.4
[debug] [2023-09-21T18:15:29.194Z] Platform:      win32
[debug] [2023-09-21T18:15:29.195Z] Node Version:  v18.17.1
[debug] [2023-09-21T18:15:29.197Z] Time:          Thu Sep 21 2023 15:15:29 GMT-0300 (hora estándar de Argentina)
[debug] [2023-09-21T18:15:29.198Z] ----------------------------------------------------------------------
[debug] 
[debug] [2023-09-21T18:15:29.215Z] > command requires scopes: ["email","openid","https://www.googleapis.com/auth/cloudplatformprojects.readonly","https://www.googleapis.com/auth/firebase","https://www.googleapis.com/auth/cloud-platform"]
[debug] [2023-09-21T18:15:29.216Z] > authorizing via signed-in user (daniela.akerman@mi.unc.edu.ar)
[info] 
     ######## #### ########  ######## ########     ###     ######  ########
     ##        ##  ##     ## ##       ##     ##  ##   ##  ##       ##
     ######    ##  ########  ######   ########  #########  ######  ######
     ##        ##  ##    ##  ##       ##     ## ##     ##       ## ##
     ##       #### ##     ## ######## ########  ##     ##  ######  ########

You're about to initialize a Firebase project in this directory:

  C:\Users\danie\dev\pet-finder-on-react

[info] 
=== Project Setup
[info] 
[info] First, let's associate this project directory with a Firebase project.
[info] You can create multiple project aliases by running firebase use --add, 
[info] but for now we'll just set up a default project.
[info] 
[debug] [2023-09-21T18:16:48.775Z] >>> [apiv2][query] GET https://firebase.googleapis.com/v1beta1/projects pageSize=100
[debug] [2023-09-21T18:16:50.178Z] <<< [apiv2][status] GET https://firebase.googleapis.com/v1beta1/projects 200
[debug] [2023-09-21T18:16:50.178Z] <<< [apiv2][body] GET https://firebase.googleapis.com/v1beta1/projects [omitted]
[info] i  Using project petfinder44 (petfinder44) 
[info] 
=== Hosting Setup
[info] 
[info] Your public directory is the folder (relative to your project directory) that
[info] will contain Hosting assets to be uploaded with firebase deploy. If you
[info] have a build process for your assets, use your build's output directory.
[info] 
[debug] [2023-09-21T18:19:57.294Z] >>> [apiv2][query] GET https://www.gstatic.com/firebasejs/releases.json [none]
[debug] [2023-09-21T18:19:57.511Z] <<< [apiv2][status] GET https://www.gstatic.com/firebasejs/releases.json 200
[debug] [2023-09-21T18:19:57.511Z] <<< [apiv2][body] GET https://www.gstatic.com/firebasejs/releases.json {"current":{"version":"10.4.0","browserURL":"https://www.gstatic.com/firebasejs/10.4.0/firebase.js","packageURL":"https://www.gstatic.com/firebasejs/10.4.0/firebase.tgz"},"live":{"version":"10.4","browserURL":"https://www.gstatic.com/firebasejs/live/10.4/firebase.js","packageURL":"https://www.gstatic.com/firebasejs/live/10.4/firebase.tgz"},"components":{"analytics":"https://www.gstatic.com/firebasejs/10.4.0/firebase-analytics.js","app":"https://www.gstatic.com/firebasejs/10.4.0/firebase-app.js","app-check":"https://www.gstatic.com/firebasejs/10.4.0/firebase-app-check.js","auth":"https://www.gstatic.com/firebasejs/10.4.0/firebase-auth.js","auth/cordova":"https://www.gstatic.com/firebasejs/10.4.0/firebase-auth/cordova.js","functions":"https://www.gstatic.com/firebasejs/10.4.0/firebase-functions.js","firestore":"https://www.gstatic.com/firebasejs/10.4.0/firebase-firestore.js","firestore/lite":"https://www.gstatic.com/firebasejs/10.4.0/firebase-firestore/lite.js","installations":"https://www.gstatic.com/firebasejs/10.4.0/firebase-installations.js","storage":"https://www.gstatic.com/firebasejs/10.4.0/firebase-storage.js","performance":"https://www.gstatic.com/firebasejs/10.4.0/firebase-performance.js","remote-config":"https://www.gstatic.com/firebasejs/10.4.0/firebase-remote-config.js","messaging":"https://www.gstatic.com/firebasejs/10.4.0/firebase-messaging.js","messaging/sw":"https://www.gstatic.com/firebasejs/10.4.0/firebase-messaging/sw.js","database":"https://www.gstatic.com/firebasejs/10.4.0/firebase-database.js","firestore.memory":"https://www.gstatic.com/firebasejs/10.4.0/firebase-firestore.memory.js"}}
[info] i  Skipping write of ./index.html 
[info] 
[info] i  Detected a .git folder at C:\Users\danie\dev\pet-finder-on-react 
[info] i  Authorizing with GitHub to upload your service account to a GitHub repository's secrets store. 
[info] 
[info] Visit this URL on this device to log in:
[info] https://github.com/login/oauth/authorize?client_id=89cf50f02ac6aaed3484&state=576784395&redirect_uri=http%3A%2F%2Flocalhost%3A9005&scope=read%3Auser%20repo%20public_repo
[info] 
[info] Waiting for authentication...
[debug] [2023-09-21T18:20:10.750Z] >>> [apiv2][query] POST https://github.com/login/oauth/access_token [none]
[debug] [2023-09-21T18:20:10.750Z] >>> [apiv2][body] POST https://github.com/login/oauth/access_token [stream]
[debug] [2023-09-21T18:20:11.124Z] <<< [apiv2][status] POST https://github.com/login/oauth/access_token 200
[debug] [2023-09-21T18:20:11.124Z] <<< [apiv2][body] POST https://github.com/login/oauth/access_token {"access_token":"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","token_type":"bearer","scope":"read:user,repo"}
[debug] [2023-09-21T18:20:11.144Z] >>> [apiv2][query] GET https://api.github.com/user [none]
[debug] [2023-09-21T18:20:11.550Z] <<< [apiv2][status] GET https://api.github.com/user 200
[debug] [2023-09-21T18:20:11.551Z] <<< [apiv2][body] GET https://api.github.com/user {"login":"danielaAkerman","id":82118914,"node_id":"MDQ6VXNlcjgyMTE4OTE0","avatar_url":"https://avatars.githubusercontent.com/u/82118914?v=4","gravatar_id":"","url":"https://api.github.com/users/danielaAkerman","html_url":"https://github.com/danielaAkerman","followers_url":"https://api.github.com/users/danielaAkerman/followers","following_url":"https://api.github.com/users/danielaAkerman/following{/other_user}","gists_url":"https://api.github.com/users/danielaAkerman/gists{/gist_id}","starred_url":"https://api.github.com/users/danielaAkerman/starred{/owner}{/repo}","subscriptions_url":"https://api.github.com/users/danielaAkerman/subscriptions","organizations_url":"https://api.github.com/users/danielaAkerman/orgs","repos_url":"https://api.github.com/users/danielaAkerman/repos","events_url":"https://api.github.com/users/danielaAkerman/events{/privacy}","received_events_url":"https://api.github.com/users/danielaAkerman/received_events","type":"User","site_admin":false,"name":"Daniela Akerman","company":null,"blog":"https://danielaAkerman.github.io/mi-portfolio/","location":"Argentina","email":null,"hireable":null,"bio":"Learning 🧡","twitter_username":null,"public_repos":58,"public_gists":32,"followers":13,"following":11,"created_at":"2021-04-07T19:38:10Z","updated_at":"2023-08-11T19:34:18Z","private_gists":1,"total_private_repos":6,"owned_private_repos":6,"disk_usage":43559,"collaborators":0,"two_factor_authentication":false,"plan":{"name":"free","space":976562499,"collaborators":0,"private_repos":10000}}
[info] 
[info] +  Success! Logged into GitHub as danielaAkerman 
[info] 
